su: ignoring --preserve-environment, it's mutually exclusive with --login

Attaching package: ‘dplyr’

The following objects are masked from ‘package:stats’:

    filter, lag

The following objects are masked from ‘package:base’:

    intersect, setdiff, setequal, union


Attaching package: ‘dbplyr’

The following objects are masked from ‘package:dplyr’:

    ident, sql

shiny.router from version >= 0.2.0 introduced major
  changes to the API that are not compatible with the
  previous versions. Please check the docs, or examples
  to learn more: https://github.com/Appsilon/shiny.router

Attaching package: ‘shiny.fluent’

The following object is masked from ‘package:shiny’:

    runExample


Attaching package: ‘config’

The following objects are masked from ‘package:base’:

    get, merge


Attaching package: ‘glue’

The following object is masked from ‘package:dplyr’:

    collapse


Attaching package: ‘leaflet’

The following object is masked from ‘package:shiny.fluent’:

    JS


Attaching package: ‘plotly’

The following object is masked from ‘package:ggplot2’:

    last_plot

The following object is masked from ‘package:stats’:

    filter

The following object is masked from ‘package:graphics’:

    layout


Listening on http://127.0.0.1:34821
